c:\users\crims\desktop\quake 2 mods\quake-2-post-laptop-failure\debug\vc120.pdb
c:\users\crims\desktop\quake 2 mods\quake-2-post-laptop-failure\debug\vc120.idb
c:\users\crims\desktop\quake 2 mods\quake-2-post-laptop-failure\debug\md4.obj
c:\users\crims\desktop\quake 2 mods\quake-2-post-laptop-failure\debug\net_chan.obj
c:\users\crims\desktop\quake 2 mods\quake-2-post-laptop-failure\debug\pmove.obj
c:\users\crims\desktop\quake 2 mods\quake-2-post-laptop-failure\debug\sv_ccmds.obj
c:\users\crims\desktop\quake 2 mods\quake-2-post-laptop-failure\debug\sv_ents.obj
c:\users\crims\desktop\quake 2 mods\quake-2-post-laptop-failure\debug\sv_game.obj
c:\users\crims\desktop\quake 2 mods\quake-2-post-laptop-failure\debug\sv_init.obj
c:\users\crims\desktop\quake 2 mods\quake-2-post-laptop-failure\debug\sv_main.obj
c:\users\crims\desktop\quake 2 mods\quake-2-post-laptop-failure\debug\sv_send.obj
c:\users\crims\desktop\quake 2 mods\quake-2-post-laptop-failure\debug\sv_user.obj
c:\users\crims\desktop\quake 2 mods\quake-2-post-laptop-failure\debug\sv_world.obj
c:\users\crims\desktop\quake 2 mods\quake-2-post-laptop-failure\debug\cd_win.obj
c:\users\crims\desktop\quake 2 mods\quake-2-post-laptop-failure\debug\conproc.obj
c:\users\crims\desktop\quake 2 mods\quake-2-post-laptop-failure\debug\in_win.obj
c:\users\crims\desktop\quake 2 mods\quake-2-post-laptop-failure\debug\net_wins.obj
c:\users\crims\desktop\quake 2 mods\quake-2-post-laptop-failure\debug\q_shwin.obj
c:\users\crims\desktop\quake 2 mods\quake-2-post-laptop-failure\debug\snd_win.obj
c:\users\crims\desktop\quake 2 mods\quake-2-post-laptop-failure\debug\sys_win.obj
c:\users\crims\desktop\quake 2 mods\quake-2-post-laptop-failure\debug\vid_dll.obj
c:\users\crims\desktop\quake 2 mods\quake-2-post-laptop-failure\debug\vid_menu.obj
c:\users\crims\desktop\quake 2 mods\quake-2-post-laptop-failure\debug\cl_pred.obj
c:\users\crims\desktop\quake 2 mods\quake-2-post-laptop-failure\debug\cl_scrn.obj
c:\users\crims\desktop\quake 2 mods\quake-2-post-laptop-failure\debug\cl_tent.obj
c:\users\crims\desktop\quake 2 mods\quake-2-post-laptop-failure\debug\cl_view.obj
c:\users\crims\desktop\quake 2 mods\quake-2-post-laptop-failure\debug\console.obj
c:\users\crims\desktop\quake 2 mods\quake-2-post-laptop-failure\debug\keys.obj
c:\users\crims\desktop\quake 2 mods\quake-2-post-laptop-failure\debug\menu.obj
c:\users\crims\desktop\quake 2 mods\quake-2-post-laptop-failure\debug\qmenu.obj
c:\users\crims\desktop\quake 2 mods\quake-2-post-laptop-failure\debug\snd_dma.obj
c:\users\crims\desktop\quake 2 mods\quake-2-post-laptop-failure\debug\snd_mem.obj
c:\users\crims\desktop\quake 2 mods\quake-2-post-laptop-failure\debug\snd_mix.obj
c:\users\crims\desktop\quake 2 mods\quake-2-post-laptop-failure\debug\x86.obj
c:\users\crims\desktop\quake 2 mods\quake-2-post-laptop-failure\debug\m_flash.obj
c:\users\crims\desktop\quake 2 mods\quake-2-post-laptop-failure\debug\q_shared.obj
c:\users\crims\desktop\quake 2 mods\quake-2-post-laptop-failure\debug\cmd.obj
c:\users\crims\desktop\quake 2 mods\quake-2-post-laptop-failure\debug\cmodel.obj
c:\users\crims\desktop\quake 2 mods\quake-2-post-laptop-failure\debug\common.obj
c:\users\crims\desktop\quake 2 mods\quake-2-post-laptop-failure\debug\crc.obj
c:\users\crims\desktop\quake 2 mods\quake-2-post-laptop-failure\debug\cvar.obj
c:\users\crims\desktop\quake 2 mods\quake-2-post-laptop-failure\debug\files.obj
c:\users\crims\desktop\quake 2 mods\quake-2-post-laptop-failure\debug\cl_cin.obj
c:\users\crims\desktop\quake 2 mods\quake-2-post-laptop-failure\debug\cl_ents.obj
c:\users\crims\desktop\quake 2 mods\quake-2-post-laptop-failure\debug\cl_fx.obj
c:\users\crims\desktop\quake 2 mods\quake-2-post-laptop-failure\debug\cl_input.obj
c:\users\crims\desktop\quake 2 mods\quake-2-post-laptop-failure\debug\cl_inv.obj
c:\users\crims\desktop\quake 2 mods\quake-2-post-laptop-failure\debug\cl_main.obj
c:\users\crims\desktop\quake 2 mods\quake-2-post-laptop-failure\debug\cl_newfx.obj
c:\users\crims\desktop\quake 2 mods\quake-2-post-laptop-failure\debug\cl_parse.obj
c:\users\crims\desktop\quake 2 mods\quake-2-post-laptop-failure\quake2\quake2.ilk
c:\users\crims\desktop\quake 2 mods\quake-2-post-laptop-failure\quake2\quake2.exe
c:\users\crims\desktop\quake 2 mods\quake-2-post-laptop-failure\quake2\quake2.pdb
c:\users\crims\desktop\quake 2 mods\quake-2-post-laptop-failure\debug\q2.res
c:\users\crims\desktop\quake 2 mods\quake-2-post-laptop-failure\debug\quake2.tlog\cl.command.1.tlog
c:\users\crims\desktop\quake 2 mods\quake-2-post-laptop-failure\debug\quake2.tlog\cl.read.1.tlog
c:\users\crims\desktop\quake 2 mods\quake-2-post-laptop-failure\debug\quake2.tlog\cl.write.1.tlog
c:\users\crims\desktop\quake 2 mods\quake-2-post-laptop-failure\debug\quake2.tlog\link.command.1.tlog
c:\users\crims\desktop\quake 2 mods\quake-2-post-laptop-failure\debug\quake2.tlog\link.read.1.tlog
c:\users\crims\desktop\quake 2 mods\quake-2-post-laptop-failure\debug\quake2.tlog\link.write.1.tlog
c:\users\crims\desktop\quake 2 mods\quake-2-post-laptop-failure\debug\quake2.tlog\rc.command.1.tlog
c:\users\crims\desktop\quake 2 mods\quake-2-post-laptop-failure\debug\quake2.tlog\rc.read.1.tlog
c:\users\crims\desktop\quake 2 mods\quake-2-post-laptop-failure\debug\quake2.tlog\rc.write.1.tlog
