c:\users\crims\desktop\quake 2 mods\quake-2-post-laptop-failure\game\debug\vc120.pdb
c:\users\crims\desktop\quake 2 mods\quake-2-post-laptop-failure\game\debug\vc120.idb
c:\users\crims\desktop\quake 2 mods\quake-2-post-laptop-failure\game\debug\m_float.obj
c:\users\crims\desktop\quake 2 mods\quake-2-post-laptop-failure\game\debug\m_flyer.obj
c:\users\crims\desktop\quake 2 mods\quake-2-post-laptop-failure\game\debug\m_gladiator.obj
c:\users\crims\desktop\quake 2 mods\quake-2-post-laptop-failure\game\debug\m_gunner.obj
c:\users\crims\desktop\quake 2 mods\quake-2-post-laptop-failure\game\debug\m_hover.obj
c:\users\crims\desktop\quake 2 mods\quake-2-post-laptop-failure\game\debug\m_infantry.obj
c:\users\crims\desktop\quake 2 mods\quake-2-post-laptop-failure\game\debug\m_insane.obj
c:\users\crims\desktop\quake 2 mods\quake-2-post-laptop-failure\game\debug\m_medic.obj
c:\users\crims\desktop\quake 2 mods\quake-2-post-laptop-failure\game\debug\m_move.obj
c:\users\crims\desktop\quake 2 mods\quake-2-post-laptop-failure\game\debug\m_mutant.obj
c:\users\crims\desktop\quake 2 mods\quake-2-post-laptop-failure\game\debug\m_parasite.obj
c:\users\crims\desktop\quake 2 mods\quake-2-post-laptop-failure\game\debug\m_soldier.obj
c:\users\crims\desktop\quake 2 mods\quake-2-post-laptop-failure\game\debug\m_supertank.obj
c:\users\crims\desktop\quake 2 mods\quake-2-post-laptop-failure\game\debug\m_tank.obj
c:\users\crims\desktop\quake 2 mods\quake-2-post-laptop-failure\game\debug\p_client.obj
c:\users\crims\desktop\quake 2 mods\quake-2-post-laptop-failure\game\debug\p_hud.obj
c:\users\crims\desktop\quake 2 mods\quake-2-post-laptop-failure\game\debug\p_trail.obj
c:\users\crims\desktop\quake 2 mods\quake-2-post-laptop-failure\game\debug\p_view.obj
c:\users\crims\desktop\quake 2 mods\quake-2-post-laptop-failure\game\debug\p_weapon.obj
c:\users\crims\desktop\quake 2 mods\quake-2-post-laptop-failure\game\debug\q_shared.obj
c:\users\crims\desktop\quake 2 mods\quake-2-post-laptop-failure\game\debug\g_monster.obj
c:\users\crims\desktop\quake 2 mods\quake-2-post-laptop-failure\game\debug\g_phys.obj
c:\users\crims\desktop\quake 2 mods\quake-2-post-laptop-failure\game\debug\g_save.obj
c:\users\crims\desktop\quake 2 mods\quake-2-post-laptop-failure\game\debug\g_spawn.obj
c:\users\crims\desktop\quake 2 mods\quake-2-post-laptop-failure\game\debug\g_svcmds.obj
c:\users\crims\desktop\quake 2 mods\quake-2-post-laptop-failure\game\debug\g_target.obj
c:\users\crims\desktop\quake 2 mods\quake-2-post-laptop-failure\game\debug\g_trigger.obj
c:\users\crims\desktop\quake 2 mods\quake-2-post-laptop-failure\game\debug\g_turret.obj
c:\users\crims\desktop\quake 2 mods\quake-2-post-laptop-failure\game\debug\g_utils.obj
c:\users\crims\desktop\quake 2 mods\quake-2-post-laptop-failure\game\debug\g_weapon.obj
c:\users\crims\desktop\quake 2 mods\quake-2-post-laptop-failure\game\debug\m_actor.obj
c:\users\crims\desktop\quake 2 mods\quake-2-post-laptop-failure\game\debug\m_berserk.obj
c:\users\crims\desktop\quake 2 mods\quake-2-post-laptop-failure\game\debug\m_boss2.obj
c:\users\crims\desktop\quake 2 mods\quake-2-post-laptop-failure\game\debug\m_boss3.obj
c:\users\crims\desktop\quake 2 mods\quake-2-post-laptop-failure\game\debug\m_boss31.obj
c:\users\crims\desktop\quake 2 mods\quake-2-post-laptop-failure\game\debug\m_boss32.obj
c:\users\crims\desktop\quake 2 mods\quake-2-post-laptop-failure\game\debug\m_brain.obj
c:\users\crims\desktop\quake 2 mods\quake-2-post-laptop-failure\game\debug\m_chick.obj
c:\users\crims\desktop\quake 2 mods\quake-2-post-laptop-failure\game\debug\m_flash.obj
c:\users\crims\desktop\quake 2 mods\quake-2-post-laptop-failure\game\debug\m_flipper.obj
c:\users\crims\desktop\quake 2 mods\quake-2-post-laptop-failure\game\debug\g_ai.obj
c:\users\crims\desktop\quake 2 mods\quake-2-post-laptop-failure\game\debug\g_chase.obj
c:\users\crims\desktop\quake 2 mods\quake-2-post-laptop-failure\game\debug\g_cmds.obj
c:\users\crims\desktop\quake 2 mods\quake-2-post-laptop-failure\game\debug\g_combat.obj
c:\users\crims\desktop\quake 2 mods\quake-2-post-laptop-failure\game\debug\g_func.obj
c:\users\crims\desktop\quake 2 mods\quake-2-post-laptop-failure\game\debug\g_items.obj
c:\users\crims\desktop\quake 2 mods\quake-2-post-laptop-failure\game\debug\g_main.obj
c:\users\crims\desktop\quake 2 mods\quake-2-post-laptop-failure\game\debug\g_misc.obj
c:\users\crims\desktop\quake 2 mods\quake-2-post-laptop-failure\quake2\baseq2\game.lib
c:\users\crims\desktop\quake 2 mods\quake-2-post-laptop-failure\quake2\baseq2\game.exp
c:\users\crims\desktop\quake 2 mods\quake-2-post-laptop-failure\quake2\baseq2\gamex86.ilk
c:\users\crims\desktop\quake 2 mods\quake-2-post-laptop-failure\quake2\baseq2\gamex86.dll
c:\users\crims\desktop\quake 2 mods\quake-2-post-laptop-failure\quake2\baseq2\game.pdb
c:\users\crims\desktop\quake 2 mods\quake-2-post-laptop-failure\game\debug\game.tlog\cl.command.1.tlog
c:\users\crims\desktop\quake 2 mods\quake-2-post-laptop-failure\game\debug\game.tlog\cl.read.1.tlog
c:\users\crims\desktop\quake 2 mods\quake-2-post-laptop-failure\game\debug\game.tlog\cl.write.1.tlog
c:\users\crims\desktop\quake 2 mods\quake-2-post-laptop-failure\game\debug\game.tlog\game.write.1u.tlog
c:\users\crims\desktop\quake 2 mods\quake-2-post-laptop-failure\game\debug\game.tlog\link.command.1.tlog
c:\users\crims\desktop\quake 2 mods\quake-2-post-laptop-failure\game\debug\game.tlog\link.read.1.tlog
c:\users\crims\desktop\quake 2 mods\quake-2-post-laptop-failure\game\debug\game.tlog\link.write.1.tlog
