Build started 5/8/2017 10:12:36 AM.
     1>Project "C:\Users\crims\Desktop\Quake 2 mods\quake-2-post-laptop-failure\game\game.vcxproj" on node 2 (Build target(s)).
     1>ClCompile:
         C:\Program Files (x86)\Microsoft Visual Studio 12.0\VC\bin\CL.exe /c /ZI /nologo /W3 /WX- /Od /Oy- /D WIN32 /D _DEBUG /D _WINDOWS /D _USRDLL /D GAME_EXPORTS /D _WINDLL /D _MBCS /Gm /EHsc /RTC1 /MDd /GS /fp:precise /Zc:wchar_t /Zc:forScope /Fo"Debug\\" /Fd"Debug\vc120.pdb" /Gd /TC /wd4996 /analyze- /errorReport:prompt p_hud.c
         p_hud.c
     1>c:\users\crims\desktop\quake 2 mods\quake-2-post-laptop-failure\game\p_hud.c(311): warning C4101: 'message2instructions' : unreferenced local variable
     1>C:\Program Files (x86)\MSBuild\Microsoft.Cpp\v4.0\V120\Microsoft.CppBuild.targets(1186,5): warning MSB8012: TargetPath(C:\Users\crims\Desktop\Quake 2 mods\quake-2-post-laptop-failure\Quake2\baseq2\game.dll) does not match the Linker's OutputFile property value (C:\Users\crims\Desktop\Quake 2 mods\quake-2-post-laptop-failure\Quake2\baseq2\gamex86.dll). This may cause your project to build incorrectly. To correct this, please make sure that $(OutDir), $(TargetName) and $(TargetExt) property values match the value specified in %(Link.OutputFile).
     1>C:\Program Files (x86)\MSBuild\Microsoft.Cpp\v4.0\V120\Microsoft.CppBuild.targets(1188,5): warning MSB8012: TargetName(game) does not match the Linker's OutputFile property value (gamex86). This may cause your project to build incorrectly. To correct this, please make sure that $(OutDir), $(TargetName) and $(TargetExt) property values match the value specified in %(Link.OutputFile).
       Link:
         C:\Program Files (x86)\Microsoft Visual Studio 12.0\VC\bin\link.exe /ERRORREPORT:PROMPT /OUT:"C:\Users\crims\Desktop\Quake 2 mods\quake-2-post-laptop-failure\Quake2\baseq2\gamex86.dll" /INCREMENTAL /NOLOGO kernel32.lib user32.lib gdi32.lib winspool.lib comdlg32.lib advapi32.lib shell32.lib ole32.lib oleaut32.lib uuid.lib odbc32.lib odbccp32.lib /DEF:"game.def" /MANIFEST /MANIFESTUAC:"level='asInvoker' uiAccess='false'" /manifest:embed /DEBUG /PDB:"C:\Users\crims\Desktop\Quake 2 mods\quake-2-post-laptop-failure\Quake2\baseq2\game.pdb" /SUBSYSTEM:WINDOWS /TLBID:1 /BASE:"0x20000000" /DYNAMICBASE:NO /NXCOMPAT /IMPLIB:"C:\Users\crims\Desktop\Quake 2 mods\quake-2-post-laptop-failure\Quake2\baseq2\game.lib" /MACHINE:X86 /DLL Debug\g_ai.obj
         Debug\g_chase.obj
         Debug\g_cmds.obj
         Debug\g_combat.obj
         Debug\g_func.obj
         Debug\g_items.obj
         Debug\g_main.obj
         Debug\g_misc.obj
         Debug\g_monster.obj
         Debug\g_phys.obj
         Debug\g_save.obj
         Debug\g_spawn.obj
         Debug\g_svcmds.obj
         Debug\g_target.obj
         Debug\g_trigger.obj
         Debug\g_turret.obj
         Debug\g_utils.obj
         Debug\g_weapon.obj
         Debug\m_actor.obj
         Debug\m_berserk.obj
         Debug\m_boss2.obj
         Debug\m_boss3.obj
         Debug\m_boss31.obj
         Debug\m_boss32.obj
         Debug\m_brain.obj
         Debug\m_chick.obj
         Debug\m_flash.obj
         Debug\m_flipper.obj
         Debug\m_float.obj
         Debug\m_flyer.obj
         Debug\m_gladiator.obj
         Debug\m_gunner.obj
         Debug\m_hover.obj
         Debug\m_infantry.obj
         Debug\m_insane.obj
         Debug\m_medic.obj
         Debug\m_move.obj
         Debug\m_mutant.obj
         Debug\m_parasite.obj
         Debug\m_soldier.obj
         Debug\m_supertank.obj
         Debug\m_tank.obj
         Debug\p_client.obj
         Debug\p_hud.obj
         Debug\p_trail.obj
         Debug\p_view.obj
         Debug\p_weapon.obj
         Debug\q_shared.obj
         LINK : C:\Users\crims\Desktop\Quake 2 mods\quake-2-post-laptop-failure\Quake2\baseq2\gamex86.dll not found or not built by the last incremental link; performing full link
            Creating library C:\Users\crims\Desktop\Quake 2 mods\quake-2-post-laptop-failure\Quake2\baseq2\game.lib and object C:\Users\crims\Desktop\Quake 2 mods\quake-2-post-laptop-failure\Quake2\baseq2\game.exp
         game.vcxproj -> C:\Users\crims\Desktop\Quake 2 mods\quake-2-post-laptop-failure\Quake2\baseq2\game.dll
     1>Done Building Project "C:\Users\crims\Desktop\Quake 2 mods\quake-2-post-laptop-failure\game\game.vcxproj" (Build target(s)).

Build succeeded.

Time Elapsed 00:00:01.37
